<?xml version="1.0" encoding="UTF-8" standalone="no"?>
<!DOCTYPE log SYSTEM "logger.dtd">
<log>
<record>
  <date>2019-10-04T13:48:44</date>
  <millis>1570168124754</millis>
  <sequence>0</sequence>
  <level>START</level>
  <class>com.kms.katalon.core.logging.XmlKeywordLogger</class>
  <method>startSuite</method>
  <thread>1</thread>
  <message>Start Test Suite : Test Suites/Etax</message>
  <nestedLevel>0</nestedLevel>
  <property name="name">Etax</property>
  <property name="description"></property>
  <property name="id">Test Suites/Etax</property>
</record>
<record>
  <date>2019-10-04T13:48:44</date>
  <millis>1570168124772</millis>
  <sequence>1</sequence>
  <level>RUN_DATA</level>
  <class>com.kms.katalon.core.logging.XmlKeywordLogger</class>
  <method>logMessage</method>
  <thread>1</thread>
  <message>hostName = Marionil Estorninos - DT-00008</message>
  <nestedLevel>0</nestedLevel>
  <property name="hostName">Marionil Estorninos - DT-00008</property>
</record>
<record>
  <date>2019-10-04T13:48:44</date>
  <millis>1570168124774</millis>
  <sequence>2</sequence>
  <level>RUN_DATA</level>
  <class>com.kms.katalon.core.logging.XmlKeywordLogger</class>
  <method>logMessage</method>
  <thread>1</thread>
  <message>os = Windows 10 64bit</message>
  <nestedLevel>0</nestedLevel>
  <property name="os">Windows 10 64bit</property>
</record>
<record>
  <date>2019-10-04T13:48:44</date>
  <millis>1570168124774</millis>
  <sequence>3</sequence>
  <level>RUN_DATA</level>
  <class>com.kms.katalon.core.logging.XmlKeywordLogger</class>
  <method>logMessage</method>
  <thread>1</thread>
  <message>hostAddress = 192.168.2.37</message>
  <nestedLevel>0</nestedLevel>
  <property name="hostAddress">192.168.2.37</property>
</record>
<record>
  <date>2019-10-04T13:48:44</date>
  <millis>1570168124775</millis>
  <sequence>4</sequence>
  <level>RUN_DATA</level>
  <class>com.kms.katalon.core.logging.XmlKeywordLogger</class>
  <method>logMessage</method>
  <thread>1</thread>
  <message>katalonVersion = 6.3.3.11</message>
  <nestedLevel>0</nestedLevel>
  <property name="katalonVersion">6.3.3.11</property>
</record>
<record>
  <date>2019-10-04T13:48:45</date>
  <millis>1570168125087</millis>
  <sequence>5</sequence>
  <level>START</level>
  <class>com.kms.katalon.core.logging.XmlKeywordLogger</class>
  <method>startTest</method>
  <thread>1</thread>
  <message>Start Test Case : Test Cases/Login</message>
  <nestedLevel>1</nestedLevel>
  <property name="name">Test Cases/Login</property>
  <property name="description"></property>
  <property name="id">Test Cases/Login</property>
  <property name="source">C:\\Users\\Marionil Estorninos\\git\\Katalon_Project_Etax1\\Test Cases\\Login.tc</property>
  <property name="tag"></property>
  <property name="isOptional">false</property>
</record>
<record>
  <date>2019-10-04T13:48:45</date>
  <millis>1570168125560</millis>
  <sequence>7</sequence>
  <level>START</level>
  <class>com.kms.katalon.core.logging.XmlKeywordLogger</class>
  <method>startKeyword</method>
  <thread>1</thread>
  <message>Start action : openBrowser(\&amp;quot;\&amp;quot;)</message>
  <nestedLevel>1</nestedLevel>
  <property name="startLine">17</property>
  <property name="stepIndex">1</property>
</record>
<record>
  <date>2019-10-04T13:48:45</date>
  <millis>1570168125948</millis>
  <sequence>9</sequence>
  <level>INFO</level>
  <class>com.kms.katalon.core.logging.XmlKeywordLogger</class>
  <method>logMessage</method>
  <thread>1</thread>
  <message>Starting &amp;apos;Chrome&amp;apos; driver</message>
  <nestedLevel>1</nestedLevel>
</record>
<record>
  <date>2019-10-04T13:48:46</date>
  <millis>1570168126019</millis>
  <sequence>11</sequence>
  <level>INFO</level>
  <class>com.kms.katalon.core.logging.XmlKeywordLogger</class>
  <method>logMessage</method>
  <thread>1</thread>
  <message>Action delay is set to 0 seconds</message>
  <nestedLevel>1</nestedLevel>
</record>
<record>
  <date>2019-10-04T13:48:49</date>
  <millis>1570168129601</millis>
  <sequence>13</sequence>
  <level>RUN_DATA</level>
  <class>com.kms.katalon.core.logging.XmlKeywordLogger</class>
  <method>logMessage</method>
  <thread>1</thread>
  <message>sessionId = fee08eaaf25622b173129d475ca75884</message>
  <nestedLevel>1</nestedLevel>
  <property name="sessionId">fee08eaaf25622b173129d475ca75884</property>
</record>
<record>
  <date>2019-10-04T13:48:49</date>
  <millis>1570168129631</millis>
  <sequence>14</sequence>
  <level>RUN_DATA</level>
  <class>com.kms.katalon.core.logging.XmlKeywordLogger</class>
  <method>logMessage</method>
  <thread>1</thread>
  <message>browser = Chrome 77.0.3865.90</message>
  <nestedLevel>1</nestedLevel>
  <property name="browser">Chrome 77.0.3865.90</property>
</record>
<record>
  <date>2019-10-04T13:48:49</date>
  <millis>1570168129631</millis>
  <sequence>15</sequence>
  <level>RUN_DATA</level>
  <class>com.kms.katalon.core.logging.XmlKeywordLogger</class>
  <method>logMessage</method>
  <thread>1</thread>
  <message>platform = Windows 10</message>
  <nestedLevel>1</nestedLevel>
  <property name="platform">Windows 10</property>
</record>
<record>
  <date>2019-10-04T13:48:49</date>
  <millis>1570168129632</millis>
  <sequence>16</sequence>
  <level>RUN_DATA</level>
  <class>com.kms.katalon.core.logging.XmlKeywordLogger</class>
  <method>logMessage</method>
  <thread>1</thread>
  <message>seleniumVersion = 3.141.59</message>
  <nestedLevel>1</nestedLevel>
  <property name="seleniumVersion">3.141.59</property>
</record>
<record>
  <date>2019-10-04T13:48:49</date>
  <millis>1570168129633</millis>
  <sequence>17</sequence>
  <level>RUN_DATA</level>
  <class>com.kms.katalon.core.logging.XmlKeywordLogger</class>
  <method>logMessage</method>
  <thread>1</thread>
  <message>proxyInformation = ProxyInformation{proxyOption=NO_PROXY, proxyServerType=HTTP, password=, proxyServerAddress=, proxyServerPort=0}</message>
  <nestedLevel>1</nestedLevel>
  <property name="proxyInformation">ProxyInformation{proxyOption=NO_PROXY, proxyServerType=HTTP, password=, proxyServerAddress=, proxyServerPort=0}</property>
</record>
<record>
  <date>2019-10-04T13:48:49</date>
  <millis>1570168129634</millis>
  <sequence>18</sequence>
  <level>PASSED</level>
  <class>com.kms.katalon.core.logging.XmlKeywordLogger</class>
  <method>logMessage</method>
  <thread>1</thread>
  <message>Browser is opened with url: &amp;apos;&amp;apos;</message>
  <nestedLevel>1</nestedLevel>
</record>
<record>
  <date>2019-10-04T13:48:49</date>
  <millis>1570168129635</millis>
  <sequence>19</sequence>
  <level>END</level>
  <class>com.kms.katalon.core.logging.XmlKeywordLogger</class>
  <method>endKeyword</method>
  <thread>1</thread>
  <message>End action : openBrowser(\&amp;quot;\&amp;quot;)</message>
  <nestedLevel>1</nestedLevel>
</record>
<record>
  <date>2019-10-04T13:48:49</date>
  <millis>1570168129637</millis>
  <sequence>20</sequence>
  <level>START</level>
  <class>com.kms.katalon.core.logging.XmlKeywordLogger</class>
  <method>startKeyword</method>
  <thread>1</thread>
  <message>Start action : maximizeWindow()</message>
  <nestedLevel>1</nestedLevel>
  <property name="startLine">19</property>
  <property name="stepIndex">2</property>
</record>
<record>
  <date>2019-10-04T13:48:50</date>
  <millis>1570168130881</millis>
  <sequence>22</sequence>
  <level>PASSED</level>
  <class>com.kms.katalon.core.logging.XmlKeywordLogger</class>
  <method>logMessage</method>
  <thread>1</thread>
  <message>Current window maximized</message>
  <nestedLevel>1</nestedLevel>
</record>
<record>
  <date>2019-10-04T13:48:50</date>
  <millis>1570168130882</millis>
  <sequence>23</sequence>
  <level>END</level>
  <class>com.kms.katalon.core.logging.XmlKeywordLogger</class>
  <method>endKeyword</method>
  <thread>1</thread>
  <message>End action : maximizeWindow()</message>
  <nestedLevel>1</nestedLevel>
</record>
<record>
  <date>2019-10-04T13:48:50</date>
  <millis>1570168130882</millis>
  <sequence>24</sequence>
  <level>START</level>
  <class>com.kms.katalon.core.logging.XmlKeywordLogger</class>
  <method>startKeyword</method>
  <thread>1</thread>
  <message>Start action : navigateToUrl(\&amp;quot;http://member.etax.ph/\&amp;quot;)</message>
  <nestedLevel>1</nestedLevel>
  <property name="startLine">21</property>
  <property name="stepIndex">3</property>
</record>
<record>
  <date>2019-10-04T13:48:53</date>
  <millis>1570168133077</millis>
  <sequence>27</sequence>
  <level>PASSED</level>
  <class>com.kms.katalon.core.logging.XmlKeywordLogger</class>
  <method>logMessage</method>
  <thread>1</thread>
  <message>Navigate to &amp;apos;http://member.etax.ph/&amp;apos; successfully</message>
  <nestedLevel>1</nestedLevel>
</record>
<record>
  <date>2019-10-04T13:48:53</date>
  <millis>1570168133077</millis>
  <sequence>28</sequence>
  <level>END</level>
  <class>com.kms.katalon.core.logging.XmlKeywordLogger</class>
  <method>endKeyword</method>
  <thread>1</thread>
  <message>End action : navigateToUrl(\&amp;quot;http://member.etax.ph/\&amp;quot;)</message>
  <nestedLevel>1</nestedLevel>
</record>
<record>
  <date>2019-10-04T13:48:53</date>
  <millis>1570168133078</millis>
  <sequence>29</sequence>
  <level>START</level>
  <class>com.kms.katalon.core.logging.XmlKeywordLogger</class>
  <method>startKeyword</method>
  <thread>1</thread>
  <message>Start action : waitForPageLoad(5)</message>
  <nestedLevel>1</nestedLevel>
  <property name="startLine">23</property>
  <property name="stepIndex">4</property>
</record>
<record>
  <date>2019-10-04T13:48:53</date>
  <millis>1570168133340</millis>
  <sequence>31</sequence>
  <level>PASSED</level>
  <class>com.kms.katalon.core.logging.XmlKeywordLogger</class>
  <method>logMessage</method>
  <thread>1</thread>
  <message>Wait for page load successfully</message>
  <nestedLevel>1</nestedLevel>
</record>
<record>
  <date>2019-10-04T13:48:53</date>
  <millis>1570168133341</millis>
  <sequence>32</sequence>
  <level>END</level>
  <class>com.kms.katalon.core.logging.XmlKeywordLogger</class>
  <method>endKeyword</method>
  <thread>1</thread>
  <message>End action : waitForPageLoad(5)</message>
  <nestedLevel>1</nestedLevel>
</record>
<record>
  <date>2019-10-04T13:48:53</date>
  <millis>1570168133342</millis>
  <sequence>33</sequence>
  <level>START</level>
  <class>com.kms.katalon.core.logging.XmlKeywordLogger</class>
  <method>startKeyword</method>
  <thread>1</thread>
  <message>Start action : setText(findTestObject(\&amp;quot;Etax_Login/Page_eTax/input_Username_username\&amp;quot;), \&amp;quot;maruestopia\&amp;quot;)</message>
  <nestedLevel>1</nestedLevel>
  <property name="startLine">25</property>
  <property name="stepIndex">5</property>
</record>
<record>
  <date>2019-10-04T13:48:54</date>
  <millis>1570168134132</millis>
  <sequence>42</sequence>
  <level>PASSED</level>
  <class>com.kms.katalon.core.logging.XmlKeywordLogger</class>
  <method>logMessage</method>
  <thread>1</thread>
  <message>Text &amp;apos;maruestopia&amp;apos; is set on object &amp;apos;Object Repository/Etax_Login/Page_eTax/input_Username_username&amp;apos;</message>
  <nestedLevel>1</nestedLevel>
</record>
<record>
  <date>2019-10-04T13:48:54</date>
  <millis>1570168134133</millis>
  <sequence>43</sequence>
  <level>END</level>
  <class>com.kms.katalon.core.logging.XmlKeywordLogger</class>
  <method>endKeyword</method>
  <thread>1</thread>
  <message>End action : setText(findTestObject(\&amp;quot;Etax_Login/Page_eTax/input_Username_username\&amp;quot;), \&amp;quot;maruestopia\&amp;quot;)</message>
  <nestedLevel>1</nestedLevel>
</record>
<record>
  <date>2019-10-04T13:48:54</date>
  <millis>1570168134133</millis>
  <sequence>44</sequence>
  <level>START</level>
  <class>com.kms.katalon.core.logging.XmlKeywordLogger</class>
  <method>startKeyword</method>
  <thread>1</thread>
  <message>Start action : setEncryptedText(findTestObject(\&amp;quot;Etax_Login/Page_eTax/input_Password_password\&amp;quot;), \&amp;quot;qEo0rSLi8fL36UBcqwrx5w==\&amp;quot;)</message>
  <nestedLevel>1</nestedLevel>
  <property name="startLine">27</property>
  <property name="stepIndex">6</property>
</record>
<record>
  <date>2019-10-04T13:48:54</date>
  <millis>1570168134472</millis>
  <sequence>53</sequence>
  <level>PASSED</level>
  <class>com.kms.katalon.core.logging.XmlKeywordLogger</class>
  <method>logMessage</method>
  <thread>1</thread>
  <message>Text ****** has been set on object &amp;apos;Object Repository/Etax_Login/Page_eTax/input_Password_password&amp;apos;</message>
  <nestedLevel>1</nestedLevel>
</record>
<record>
  <date>2019-10-04T13:48:54</date>
  <millis>1570168134473</millis>
  <sequence>54</sequence>
  <level>END</level>
  <class>com.kms.katalon.core.logging.XmlKeywordLogger</class>
  <method>endKeyword</method>
  <thread>1</thread>
  <message>End action : setEncryptedText(findTestObject(\&amp;quot;Etax_Login/Page_eTax/input_Password_password\&amp;quot;), \&amp;quot;qEo0rSLi8fL36UBcqwrx5w==\&amp;quot;)</message>
  <nestedLevel>1</nestedLevel>
</record>
<record>
  <date>2019-10-04T13:48:54</date>
  <millis>1570168134473</millis>
  <sequence>55</sequence>
  <level>START</level>
  <class>com.kms.katalon.core.logging.XmlKeywordLogger</class>
  <method>startKeyword</method>
  <thread>1</thread>
  <message>Start action : click(findTestObject(\&amp;quot;Object Repository/Etax_Login/Page_eTax/button_Login\&amp;quot;))</message>
  <nestedLevel>1</nestedLevel>
  <property name="startLine">29</property>
  <property name="stepIndex">7</property>
</record>
<record>
  <date>2019-10-04T13:48:55</date>
  <millis>1570168135691</millis>
  <sequence>62</sequence>
  <level>PASSED</level>
  <class>com.kms.katalon.core.logging.XmlKeywordLogger</class>
  <method>logMessage</method>
  <thread>1</thread>
  <message>Object: &amp;apos;Object Repository/Etax_Login/Page_eTax/button_Login&amp;apos; is clicked on</message>
  <nestedLevel>1</nestedLevel>
</record>
<record>
  <date>2019-10-04T13:48:55</date>
  <millis>1570168135691</millis>
  <sequence>63</sequence>
  <level>END</level>
  <class>com.kms.katalon.core.logging.XmlKeywordLogger</class>
  <method>endKeyword</method>
  <thread>1</thread>
  <message>End action : click(findTestObject(\&amp;quot;Object Repository/Etax_Login/Page_eTax/button_Login\&amp;quot;))</message>
  <nestedLevel>1</nestedLevel>
</record>
<record>
  <date>2019-10-04T13:48:55</date>
  <millis>1570168135692</millis>
  <sequence>64</sequence>
  <level>PASSED</level>
  <class>com.kms.katalon.core.logging.XmlKeywordLogger</class>
  <method>logMessage</method>
  <thread>1</thread>
  <message>Test Cases/Login</message>
  <nestedLevel>1</nestedLevel>
</record>
<record>
  <date>2019-10-04T13:48:55</date>
  <millis>1570168135692</millis>
  <sequence>65</sequence>
  <level>END</level>
  <class>com.kms.katalon.core.logging.XmlKeywordLogger</class>
  <method>endTest</method>
  <thread>1</thread>
  <message>End Test Case : Test Cases/Login</message>
  <nestedLevel>0</nestedLevel>
</record>
<record>
  <date>2019-10-04T13:48:55</date>
  <millis>1570168135697</millis>
  <sequence>66</sequence>
  <level>START</level>
  <class>com.kms.katalon.core.logging.XmlKeywordLogger</class>
  <method>startTest</method>
  <thread>1</thread>
  <message>Start Test Case : Test Cases/BIR_FORM_1600</message>
  <nestedLevel>1</nestedLevel>
  <property name="name">Test Cases/BIR_FORM_1600</property>
  <property name="description"></property>
  <property name="id">Test Cases/BIR_FORM_1600</property>
  <property name="source">C:\\Users\\Marionil Estorninos\\git\\Katalon_Project_Etax1\\Test Cases\\BIR_FORM_1600.tc</property>
  <property name="tag"></property>
  <property name="isOptional">false</property>
</record>
<record>
  <date>2019-10-04T13:48:55</date>
  <millis>1570168135935</millis>
  <sequence>68</sequence>
  <level>START</level>
  <class>com.kms.katalon.core.logging.XmlKeywordLogger</class>
  <method>startKeyword</method>
  <thread>1</thread>
  <message>Start action : openBrowser(\&amp;quot;\&amp;quot;)</message>
  <nestedLevel>1</nestedLevel>
  <property name="startLine">17</property>
  <property name="stepIndex">1</property>
</record>
<record>
  <date>2019-10-04T13:48:55</date>
  <millis>1570168135946</millis>
  <sequence>70</sequence>
  <level>WARNING</level>
  <class>com.kms.katalon.core.logging.XmlKeywordLogger</class>
  <method>logMessage</method>
  <thread>1</thread>
  <message>A browser is already opened. Closing browser and opening a new one</message>
  <nestedLevel>1</nestedLevel>
</record>
<record>
  <date>2019-10-04T13:48:56</date>
  <millis>1570168136652</millis>
  <sequence>71</sequence>
  <level>INFO</level>
  <class>com.kms.katalon.core.logging.XmlKeywordLogger</class>
  <method>logMessage</method>
  <thread>1</thread>
  <message>Starting &amp;apos;Chrome&amp;apos; driver</message>
  <nestedLevel>1</nestedLevel>
</record>
<record>
  <date>2019-10-04T13:48:58</date>
  <millis>1570168138918</millis>
  <sequence>74</sequence>
  <level>RUN_DATA</level>
  <class>com.kms.katalon.core.logging.XmlKeywordLogger</class>
  <method>logMessage</method>
  <thread>1</thread>
  <message>sessionId = a547ab2dcdd6ed339e0d2880daba7b0f</message>
  <nestedLevel>1</nestedLevel>
  <property name="sessionId">a547ab2dcdd6ed339e0d2880daba7b0f</property>
</record>
<record>
  <date>2019-10-04T13:48:58</date>
  <millis>1570168138950</millis>
  <sequence>75</sequence>
  <level>RUN_DATA</level>
  <class>com.kms.katalon.core.logging.XmlKeywordLogger</class>
  <method>logMessage</method>
  <thread>1</thread>
  <message>browser = Chrome 77.0.3865.90</message>
  <nestedLevel>1</nestedLevel>
  <property name="browser">Chrome 77.0.3865.90</property>
</record>
<record>
  <date>2019-10-04T13:48:58</date>
  <millis>1570168138950</millis>
  <sequence>76</sequence>
  <level>RUN_DATA</level>
  <class>com.kms.katalon.core.logging.XmlKeywordLogger</class>
  <method>logMessage</method>
  <thread>1</thread>
  <message>platform = Windows 10</message>
  <nestedLevel>1</nestedLevel>
  <property name="platform">Windows 10</property>
</record>
<record>
  <date>2019-10-04T13:48:58</date>
  <millis>1570168138951</millis>
  <sequence>77</sequence>
  <level>RUN_DATA</level>
  <class>com.kms.katalon.core.logging.XmlKeywordLogger</class>
  <method>logMessage</method>
  <thread>1</thread>
  <message>seleniumVersion = 3.141.59</message>
  <nestedLevel>1</nestedLevel>
  <property name="seleniumVersion">3.141.59</property>
</record>
<record>
  <date>2019-10-04T13:48:58</date>
  <millis>1570168138952</millis>
  <sequence>78</sequence>
  <level>RUN_DATA</level>
  <class>com.kms.katalon.core.logging.XmlKeywordLogger</class>
  <method>logMessage</method>
  <thread>1</thread>
  <message>proxyInformation = ProxyInformation{proxyOption=NO_PROXY, proxyServerType=HTTP, password=, proxyServerAddress=, proxyServerPort=0}</message>
  <nestedLevel>1</nestedLevel>
  <property name="proxyInformation">ProxyInformation{proxyOption=NO_PROXY, proxyServerType=HTTP, password=, proxyServerAddress=, proxyServerPort=0}</property>
</record>
<record>
  <date>2019-10-04T13:48:58</date>
  <millis>1570168138953</millis>
  <sequence>79</sequence>
  <level>PASSED</level>
  <class>com.kms.katalon.core.logging.XmlKeywordLogger</class>
  <method>logMessage</method>
  <thread>1</thread>
  <message>Browser is opened with url: &amp;apos;&amp;apos;</message>
  <nestedLevel>1</nestedLevel>
</record>
<record>
  <date>2019-10-04T13:48:58</date>
  <millis>1570168138953</millis>
  <sequence>80</sequence>
  <level>END</level>
  <class>com.kms.katalon.core.logging.XmlKeywordLogger</class>
  <method>endKeyword</method>
  <thread>1</thread>
  <message>End action : openBrowser(\&amp;quot;\&amp;quot;)</message>
  <nestedLevel>1</nestedLevel>
</record>
<record>
  <date>2019-10-04T13:48:58</date>
  <millis>1570168138954</millis>
  <sequence>81</sequence>
  <level>START</level>
  <class>com.kms.katalon.core.logging.XmlKeywordLogger</class>
  <method>startKeyword</method>
  <thread>1</thread>
  <message>Start action : navigateToUrl(\&amp;quot;http://member.etax.ph/\&amp;quot;)</message>
  <nestedLevel>1</nestedLevel>
  <property name="startLine">19</property>
  <property name="stepIndex">2</property>
</record>
<record>
  <date>2019-10-04T13:49:00</date>
  <millis>1570168140935</millis>
  <sequence>84</sequence>
  <level>PASSED</level>
  <class>com.kms.katalon.core.logging.XmlKeywordLogger</class>
  <method>logMessage</method>
  <thread>1</thread>
  <message>Navigate to &amp;apos;http://member.etax.ph/&amp;apos; successfully</message>
  <nestedLevel>1</nestedLevel>
</record>
<record>
  <date>2019-10-04T13:49:00</date>
  <millis>1570168140936</millis>
  <sequence>85</sequence>
  <level>END</level>
  <class>com.kms.katalon.core.logging.XmlKeywordLogger</class>
  <method>endKeyword</method>
  <thread>1</thread>
  <message>End action : navigateToUrl(\&amp;quot;http://member.etax.ph/\&amp;quot;)</message>
  <nestedLevel>1</nestedLevel>
</record>
<record>
  <date>2019-10-04T13:49:00</date>
  <millis>1570168140936</millis>
  <sequence>86</sequence>
  <level>START</level>
  <class>com.kms.katalon.core.logging.XmlKeywordLogger</class>
  <method>startKeyword</method>
  <thread>1</thread>
  <message>Start action : setText(findTestObject(\&amp;quot;Object Repository/BIR_FORM_1600/Page_eTax/input_Username_username\&amp;quot;), \&amp;quot;maruestopia\&amp;quot;)</message>
  <nestedLevel>1</nestedLevel>
  <property name="startLine">21</property>
  <property name="stepIndex">3</property>
</record>
<record>
  <date>2019-10-04T13:49:01</date>
  <millis>1570168141108</millis>
  <sequence>95</sequence>
  <level>PASSED</level>
  <class>com.kms.katalon.core.logging.XmlKeywordLogger</class>
  <method>logMessage</method>
  <thread>1</thread>
  <message>Text &amp;apos;maruestopia&amp;apos; is set on object &amp;apos;Object Repository/BIR_FORM_1600/Page_eTax/input_Username_username&amp;apos;</message>
  <nestedLevel>1</nestedLevel>
</record>
<record>
  <date>2019-10-04T13:49:01</date>
  <millis>1570168141108</millis>
  <sequence>96</sequence>
  <level>END</level>
  <class>com.kms.katalon.core.logging.XmlKeywordLogger</class>
  <method>endKeyword</method>
  <thread>1</thread>
  <message>End action : setText(findTestObject(\&amp;quot;Object Repository/BIR_FORM_1600/Page_eTax/input_Username_username\&amp;quot;), \&amp;quot;maruestopia\&amp;quot;)</message>
  <nestedLevel>1</nestedLevel>
</record>
<record>
  <date>2019-10-04T13:49:01</date>
  <millis>1570168141108</millis>
  <sequence>97</sequence>
  <level>START</level>
  <class>com.kms.katalon.core.logging.XmlKeywordLogger</class>
  <method>startKeyword</method>
  <thread>1</thread>
  <message>Start action : setEncryptedText(findTestObject(\&amp;quot;Object Repository/BIR_FORM_1600/Page_eTax/input_Password_password\&amp;quot;), \&amp;quot;qEo0rSLi8fL36UBcqwrx5w==\&amp;quot;)</message>
  <nestedLevel>1</nestedLevel>
  <property name="startLine">23</property>
  <property name="stepIndex">4</property>
</record>
<record>
  <date>2019-10-04T13:49:01</date>
  <millis>1570168141289</millis>
  <sequence>106</sequence>
  <level>PASSED</level>
  <class>com.kms.katalon.core.logging.XmlKeywordLogger</class>
  <method>logMessage</method>
  <thread>1</thread>
  <message>Text ****** has been set on object &amp;apos;Object Repository/BIR_FORM_1600/Page_eTax/input_Password_password&amp;apos;</message>
  <nestedLevel>1</nestedLevel>
</record>
<record>
  <date>2019-10-04T13:49:01</date>
  <millis>1570168141290</millis>
  <sequence>107</sequence>
  <level>END</level>
  <class>com.kms.katalon.core.logging.XmlKeywordLogger</class>
  <method>endKeyword</method>
  <thread>1</thread>
  <message>End action : setEncryptedText(findTestObject(\&amp;quot;Object Repository/BIR_FORM_1600/Page_eTax/input_Password_password\&amp;quot;), \&amp;quot;qEo0rSLi8fL36UBcqwrx5w==\&amp;quot;)</message>
  <nestedLevel>1</nestedLevel>
</record>
<record>
  <date>2019-10-04T13:49:01</date>
  <millis>1570168141290</millis>
  <sequence>108</sequence>
  <level>START</level>
  <class>com.kms.katalon.core.logging.XmlKeywordLogger</class>
  <method>startKeyword</method>
  <thread>1</thread>
  <message>Start action : sendKeys(findTestObject(\&amp;quot;Object Repository/BIR_FORM_1600/Page_eTax/input_Password_password\&amp;quot;), Keys.chord(ENTER))</message>
  <nestedLevel>1</nestedLevel>
  <property name="startLine">25</property>
  <property name="stepIndex">5</property>
</record>
<record>
  <date>2019-10-04T13:49:03</date>
  <millis>1570168143503</millis>
  <sequence>114</sequence>
  <level>PASSED</level>
  <class>com.kms.katalon.core.logging.XmlKeywordLogger</class>
  <method>logMessage</method>
  <thread>1</thread>
  <message>Keys &amp;apos;ENTER + &amp;apos; sent to object: &amp;apos;Object Repository/BIR_FORM_1600/Page_eTax/input_Password_password&amp;apos;</message>
  <nestedLevel>1</nestedLevel>
</record>
<record>
  <date>2019-10-04T13:49:03</date>
  <millis>1570168143504</millis>
  <sequence>115</sequence>
  <level>END</level>
  <class>com.kms.katalon.core.logging.XmlKeywordLogger</class>
  <method>endKeyword</method>
  <thread>1</thread>
  <message>End action : sendKeys(findTestObject(\&amp;quot;Object Repository/BIR_FORM_1600/Page_eTax/input_Password_password\&amp;quot;), Keys.chord(ENTER))</message>
  <nestedLevel>1</nestedLevel>
</record>
<record>
  <date>2019-10-04T13:49:03</date>
  <millis>1570168143504</millis>
  <sequence>116</sequence>
  <level>START</level>
  <class>com.kms.katalon.core.logging.XmlKeywordLogger</class>
  <method>startKeyword</method>
  <thread>1</thread>
  <message>Start action : click(findTestObject(\&amp;quot;Object Repository/BIR_FORM_1600/Page_eTax  Dashboard/a_Company\&amp;quot;))</message>
  <nestedLevel>1</nestedLevel>
  <property name="startLine">27</property>
  <property name="stepIndex">6</property>
</record>
<record>
  <date>2019-10-04T13:49:03</date>
  <millis>1570168143986</millis>
  <sequence>123</sequence>
  <level>PASSED</level>
  <class>com.kms.katalon.core.logging.XmlKeywordLogger</class>
  <method>logMessage</method>
  <thread>1</thread>
  <message>Object: &amp;apos;Object Repository/BIR_FORM_1600/Page_eTax  Dashboard/a_Company&amp;apos; is clicked on</message>
  <nestedLevel>1</nestedLevel>
</record>
<record>
  <date>2019-10-04T13:49:03</date>
  <millis>1570168143987</millis>
  <sequence>124</sequence>
  <level>END</level>
  <class>com.kms.katalon.core.logging.XmlKeywordLogger</class>
  <method>endKeyword</method>
  <thread>1</thread>
  <message>End action : click(findTestObject(\&amp;quot;Object Repository/BIR_FORM_1600/Page_eTax  Dashboard/a_Company\&amp;quot;))</message>
  <nestedLevel>1</nestedLevel>
</record>
<record>
  <date>2019-10-04T13:49:03</date>
  <millis>1570168143988</millis>
  <sequence>125</sequence>
  <level>START</level>
  <class>com.kms.katalon.core.logging.XmlKeywordLogger</class>
  <method>startKeyword</method>
  <thread>1</thread>
  <message>Start action : click(findTestObject(\&amp;quot;Object Repository/BIR_FORM_1600/Page_eTax  Companies/a_Open\&amp;quot;))</message>
  <nestedLevel>1</nestedLevel>
  <property name="startLine">29</property>
  <property name="stepIndex">7</property>
</record>
<record>
  <date>2019-10-04T13:49:04</date>
  <millis>1570168144468</millis>
  <sequence>132</sequence>
  <level>PASSED</level>
  <class>com.kms.katalon.core.logging.XmlKeywordLogger</class>
  <method>logMessage</method>
  <thread>1</thread>
  <message>Object: &amp;apos;Object Repository/BIR_FORM_1600/Page_eTax  Companies/a_Open&amp;apos; is clicked on</message>
  <nestedLevel>1</nestedLevel>
</record>
<record>
  <date>2019-10-04T13:49:04</date>
  <millis>1570168144469</millis>
  <sequence>133</sequence>
  <level>END</level>
  <class>com.kms.katalon.core.logging.XmlKeywordLogger</class>
  <method>endKeyword</method>
  <thread>1</thread>
  <message>End action : click(findTestObject(\&amp;quot;Object Repository/BIR_FORM_1600/Page_eTax  Companies/a_Open\&amp;quot;))</message>
  <nestedLevel>1</nestedLevel>
</record>
<record>
  <date>2019-10-04T13:49:04</date>
  <millis>1570168144470</millis>
  <sequence>134</sequence>
  <level>START</level>
  <class>com.kms.katalon.core.logging.XmlKeywordLogger</class>
  <method>startKeyword</method>
  <thread>1</thread>
  <message>Start action : click(findTestObject(\&amp;quot;Object Repository/BIR_FORM_1600/Page_eTax  Forms/a_Fill Up\&amp;quot;))</message>
  <nestedLevel>1</nestedLevel>
  <property name="startLine">31</property>
  <property name="stepIndex">8</property>
</record>
<record>
  <date>2019-10-04T13:49:04</date>
  <millis>1570168144961</millis>
  <sequence>141</sequence>
  <level>PASSED</level>
  <class>com.kms.katalon.core.logging.XmlKeywordLogger</class>
  <method>logMessage</method>
  <thread>1</thread>
  <message>Object: &amp;apos;Object Repository/BIR_FORM_1600/Page_eTax  Forms/a_Fill Up&amp;apos; is clicked on</message>
  <nestedLevel>1</nestedLevel>
</record>
<record>
  <date>2019-10-04T13:49:04</date>
  <millis>1570168144962</millis>
  <sequence>142</sequence>
  <level>END</level>
  <class>com.kms.katalon.core.logging.XmlKeywordLogger</class>
  <method>endKeyword</method>
  <thread>1</thread>
  <message>End action : click(findTestObject(\&amp;quot;Object Repository/BIR_FORM_1600/Page_eTax  Forms/a_Fill Up\&amp;quot;))</message>
  <nestedLevel>1</nestedLevel>
</record>
<record>
  <date>2019-10-04T13:49:04</date>
  <millis>1570168144962</millis>
  <sequence>143</sequence>
  <level>START</level>
  <class>com.kms.katalon.core.logging.XmlKeywordLogger</class>
  <method>startKeyword</method>
  <thread>1</thread>
  <message>Start action : click(findTestObject(\&amp;quot;Form_0605/Page_eTax  Form Transactions/a_Add\&amp;quot;))</message>
  <nestedLevel>1</nestedLevel>
  <property name="startLine">33</property>
  <property name="stepIndex">9</property>
</record>
<record>
  <date>2019-10-04T13:49:06</date>
  <millis>1570168146113</millis>
  <sequence>150</sequence>
  <level>PASSED</level>
  <class>com.kms.katalon.core.logging.XmlKeywordLogger</class>
  <method>logMessage</method>
  <thread>1</thread>
  <message>Object: &amp;apos;Object Repository/Form_0605/Page_eTax  Form Transactions/a_Add&amp;apos; is clicked on</message>
  <nestedLevel>1</nestedLevel>
</record>
<record>
  <date>2019-10-04T13:49:06</date>
  <millis>1570168146114</millis>
  <sequence>151</sequence>
  <level>END</level>
  <class>com.kms.katalon.core.logging.XmlKeywordLogger</class>
  <method>endKeyword</method>
  <thread>1</thread>
  <message>End action : click(findTestObject(\&amp;quot;Form_0605/Page_eTax  Form Transactions/a_Add\&amp;quot;))</message>
  <nestedLevel>1</nestedLevel>
</record>
<record>
  <date>2019-10-04T13:49:06</date>
  <millis>1570168146115</millis>
  <sequence>152</sequence>
  <level>START</level>
  <class>com.kms.katalon.core.logging.XmlKeywordLogger</class>
  <method>startKeyword</method>
  <thread>1</thread>
  <message>Start action : click(findTestObject(\&amp;quot;Object Repository/BIR_FORM_1600/Page_eTax  BIR Form No 1600/input_Any Taxes Withheld_frm1600j_id252\&amp;quot;))</message>
  <nestedLevel>1</nestedLevel>
  <property name="startLine">35</property>
  <property name="stepIndex">10</property>
</record>
<record>
  <date>2019-10-04T13:49:07</date>
  <millis>1570168147443</millis>
  <sequence>159</sequence>
  <level>PASSED</level>
  <class>com.kms.katalon.core.logging.XmlKeywordLogger</class>
  <method>logMessage</method>
  <thread>1</thread>
  <message>Object: &amp;apos;Object Repository/BIR_FORM_1600/Page_eTax  BIR Form No 1600/input_Any Taxes Withheld_frm1600j_id252&amp;apos; is clicked on</message>
  <nestedLevel>1</nestedLevel>
</record>
<record>
  <date>2019-10-04T13:49:07</date>
  <millis>1570168147444</millis>
  <sequence>160</sequence>
  <level>END</level>
  <class>com.kms.katalon.core.logging.XmlKeywordLogger</class>
  <method>endKeyword</method>
  <thread>1</thread>
  <message>End action : click(findTestObject(\&amp;quot;Object Repository/BIR_FORM_1600/Page_eTax  BIR Form No 1600/input_Any Taxes Withheld_frm1600j_id252\&amp;quot;))</message>
  <nestedLevel>1</nestedLevel>
</record>
<record>
  <date>2019-10-04T13:49:07</date>
  <millis>1570168147444</millis>
  <sequence>161</sequence>
  <level>START</level>
  <class>com.kms.katalon.core.logging.XmlKeywordLogger</class>
  <method>startKeyword</method>
  <thread>1</thread>
  <message>Start action : click(findTestObject(\&amp;quot;Object Repository/BIR_FORM_1600/Page_eTax  BIR Form No 1600/input_Category                                                            of Withholding Agent_frm1600j_id392\&amp;quot;))</message>
  <nestedLevel>1</nestedLevel>
  <property name="startLine">37</property>
  <property name="stepIndex">11</property>
</record>
<record>
  <date>2019-10-04T13:49:07</date>
  <millis>1570168147605</millis>
  <sequence>168</sequence>
  <level>PASSED</level>
  <class>com.kms.katalon.core.logging.XmlKeywordLogger</class>
  <method>logMessage</method>
  <thread>1</thread>
  <message>Object: &amp;apos;Object Repository/BIR_FORM_1600/Page_eTax  BIR Form No 1600/input_Category                                                            of Withholding Agent_frm1600j_id392&amp;apos; is clicked on</message>
  <nestedLevel>1</nestedLevel>
</record>
<record>
  <date>2019-10-04T13:49:07</date>
  <millis>1570168147606</millis>
  <sequence>169</sequence>
  <level>END</level>
  <class>com.kms.katalon.core.logging.XmlKeywordLogger</class>
  <method>endKeyword</method>
  <thread>1</thread>
  <message>End action : click(findTestObject(\&amp;quot;Object Repository/BIR_FORM_1600/Page_eTax  BIR Form No 1600/input_Category                                                            of Withholding Agent_frm1600j_id392\&amp;quot;))</message>
  <nestedLevel>1</nestedLevel>
</record>
<record>
  <date>2019-10-04T13:49:07</date>
  <millis>1570168147606</millis>
  <sequence>170</sequence>
  <level>START</level>
  <class>com.kms.katalon.core.logging.XmlKeywordLogger</class>
  <method>startKeyword</method>
  <thread>1</thread>
  <message>Start action : click(findTestObject(\&amp;quot;Object Repository/BIR_FORM_1600/Page_eTax  BIR Form No 1600/a_ATC\&amp;quot;))</message>
  <nestedLevel>1</nestedLevel>
  <property name="startLine">39</property>
  <property name="stepIndex">12</property>
</record>
<record>
  <date>2019-10-04T13:49:07</date>
  <millis>1570168147767</millis>
  <sequence>177</sequence>
  <level>PASSED</level>
  <class>com.kms.katalon.core.logging.XmlKeywordLogger</class>
  <method>logMessage</method>
  <thread>1</thread>
  <message>Object: &amp;apos;Object Repository/BIR_FORM_1600/Page_eTax  BIR Form No 1600/a_ATC&amp;apos; is clicked on</message>
  <nestedLevel>1</nestedLevel>
</record>
<record>
  <date>2019-10-04T13:49:07</date>
  <millis>1570168147768</millis>
  <sequence>178</sequence>
  <level>END</level>
  <class>com.kms.katalon.core.logging.XmlKeywordLogger</class>
  <method>endKeyword</method>
  <thread>1</thread>
  <message>End action : click(findTestObject(\&amp;quot;Object Repository/BIR_FORM_1600/Page_eTax  BIR Form No 1600/a_ATC\&amp;quot;))</message>
  <nestedLevel>1</nestedLevel>
</record>
<record>
  <date>2019-10-04T13:49:07</date>
  <millis>1570168147768</millis>
  <sequence>179</sequence>
  <level>START</level>
  <class>com.kms.katalon.core.logging.XmlKeywordLogger</class>
  <method>startKeyword</method>
  <thread>1</thread>
  <message>Start action : waitForPageLoad(3)</message>
  <nestedLevel>1</nestedLevel>
  <property name="startLine">41</property>
  <property name="stepIndex">13</property>
</record>
<record>
  <date>2019-10-04T13:49:07</date>
  <millis>1570168147883</millis>
  <sequence>181</sequence>
  <level>PASSED</level>
  <class>com.kms.katalon.core.logging.XmlKeywordLogger</class>
  <method>logMessage</method>
  <thread>1</thread>
  <message>Wait for page load successfully</message>
  <nestedLevel>1</nestedLevel>
</record>
<record>
  <date>2019-10-04T13:49:07</date>
  <millis>1570168147884</millis>
  <sequence>182</sequence>
  <level>END</level>
  <class>com.kms.katalon.core.logging.XmlKeywordLogger</class>
  <method>endKeyword</method>
  <thread>1</thread>
  <message>End action : waitForPageLoad(3)</message>
  <nestedLevel>1</nestedLevel>
</record>
<record>
  <date>2019-10-04T13:49:07</date>
  <millis>1570168147884</millis>
  <sequence>183</sequence>
  <level>START</level>
  <class>com.kms.katalon.core.logging.XmlKeywordLogger</class>
  <method>startKeyword</method>
  <thread>1</thread>
  <message>Start action : check(findTestObject(\&amp;quot;BIR_FORM_1600/Page_eTax  BIR Form No 1600/input_WV050_AtcCode2\&amp;quot;))</message>
  <nestedLevel>1</nestedLevel>
  <property name="startLine">43</property>
  <property name="stepIndex">14</property>
</record>
<record>
  <date>2019-10-04T13:49:08</date>
  <millis>1570168148085</millis>
  <sequence>190</sequence>
  <level>PASSED</level>
  <class>com.kms.katalon.core.logging.XmlKeywordLogger</class>
  <method>logMessage</method>
  <thread>1</thread>
  <message>Object &amp;apos;Object Repository/BIR_FORM_1600/Page_eTax  BIR Form No 1600/input_WV050_AtcCode2&amp;apos; is checked</message>
  <nestedLevel>1</nestedLevel>
</record>
<record>
  <date>2019-10-04T13:49:08</date>
  <millis>1570168148086</millis>
  <sequence>191</sequence>
  <level>END</level>
  <class>com.kms.katalon.core.logging.XmlKeywordLogger</class>
  <method>endKeyword</method>
  <thread>1</thread>
  <message>End action : check(findTestObject(\&amp;quot;BIR_FORM_1600/Page_eTax  BIR Form No 1600/input_WV050_AtcCode2\&amp;quot;))</message>
  <nestedLevel>1</nestedLevel>
</record>
<record>
  <date>2019-10-04T13:49:08</date>
  <millis>1570168148086</millis>
  <sequence>192</sequence>
  <level>START</level>
  <class>com.kms.katalon.core.logging.XmlKeywordLogger</class>
  <method>startKeyword</method>
  <thread>1</thread>
  <message>Start action : delay(2)</message>
  <nestedLevel>1</nestedLevel>
  <property name="startLine">45</property>
  <property name="stepIndex">15</property>
</record>
<record>
  <date>2019-10-04T13:49:10</date>
  <millis>1570168150109</millis>
  <sequence>194</sequence>
  <level>PASSED</level>
  <class>com.kms.katalon.core.logging.XmlKeywordLogger</class>
  <method>logMessage</method>
  <thread>1</thread>
  <message>Delayed 2 second(s)</message>
  <nestedLevel>1</nestedLevel>
</record>
<record>
  <date>2019-10-04T13:49:10</date>
  <millis>1570168150111</millis>
  <sequence>195</sequence>
  <level>END</level>
  <class>com.kms.katalon.core.logging.XmlKeywordLogger</class>
  <method>endKeyword</method>
  <thread>1</thread>
  <message>End action : delay(2)</message>
  <nestedLevel>1</nestedLevel>
</record>
<record>
  <date>2019-10-04T13:49:10</date>
  <millis>1570168150111</millis>
  <sequence>196</sequence>
  <level>START</level>
  <class>com.kms.katalon.core.logging.XmlKeywordLogger</class>
  <method>startKeyword</method>
  <thread>1</thread>
  <message>Start action : click(findTestObject(\&amp;quot;BIR_FORM_1600/Page_eTax  BIR Form No 1600/input_OTHER SERVICES RENDERED IN THE PHILIPPINES BY NON-RESIDENTS_btnOkPop\&amp;quot;))</message>
  <nestedLevel>1</nestedLevel>
  <property name="startLine">47</property>
  <property name="stepIndex">16</property>
</record>
<record>
  <date>2019-10-04T13:49:10</date>
  <millis>1570168150256</millis>
  <sequence>203</sequence>
  <level>PASSED</level>
  <class>com.kms.katalon.core.logging.XmlKeywordLogger</class>
  <method>logMessage</method>
  <thread>1</thread>
  <message>Object: &amp;apos;Object Repository/BIR_FORM_1600/Page_eTax  BIR Form No 1600/input_OTHER SERVICES RENDERED IN THE PHILIPPINES BY NON-RESIDENTS_btnOkPop&amp;apos; is clicked on</message>
  <nestedLevel>1</nestedLevel>
</record>
<record>
  <date>2019-10-04T13:49:10</date>
  <millis>1570168150257</millis>
  <sequence>204</sequence>
  <level>END</level>
  <class>com.kms.katalon.core.logging.XmlKeywordLogger</class>
  <method>endKeyword</method>
  <thread>1</thread>
  <message>End action : click(findTestObject(\&amp;quot;BIR_FORM_1600/Page_eTax  BIR Form No 1600/input_OTHER SERVICES RENDERED IN THE PHILIPPINES BY NON-RESIDENTS_btnOkPop\&amp;quot;))</message>
  <nestedLevel>1</nestedLevel>
</record>
<record>
  <date>2019-10-04T13:49:10</date>
  <millis>1570168150257</millis>
  <sequence>205</sequence>
  <level>START</level>
  <class>com.kms.katalon.core.logging.XmlKeywordLogger</class>
  <method>startKeyword</method>
  <thread>1</thread>
  <message>Start action : click(findTestObject(\&amp;quot;Object Repository/BIR_FORM_1600/Page_eTax  BIR Form No 1600/td_VAT WITHHOLDING FROM  NON-RESIDENTS (PRIVATE WITHHOLDING AGENT)_text-center\&amp;quot;))</message>
  <nestedLevel>1</nestedLevel>
  <property name="startLine">49</property>
  <property name="stepIndex">17</property>
</record>
<record>
  <date>2019-10-04T13:49:10</date>
  <millis>1570168150500</millis>
  <sequence>212</sequence>
  <level>PASSED</level>
  <class>com.kms.katalon.core.logging.XmlKeywordLogger</class>
  <method>logMessage</method>
  <thread>1</thread>
  <message>Object: &amp;apos;Object Repository/BIR_FORM_1600/Page_eTax  BIR Form No 1600/td_VAT WITHHOLDING FROM  NON-RESIDENTS (PRIVATE WITHHOLDING AGENT)_text-center&amp;apos; is clicked on</message>
  <nestedLevel>1</nestedLevel>
</record>
<record>
  <date>2019-10-04T13:49:10</date>
  <millis>1570168150501</millis>
  <sequence>213</sequence>
  <level>END</level>
  <class>com.kms.katalon.core.logging.XmlKeywordLogger</class>
  <method>endKeyword</method>
  <thread>1</thread>
  <message>End action : click(findTestObject(\&amp;quot;Object Repository/BIR_FORM_1600/Page_eTax  BIR Form No 1600/td_VAT WITHHOLDING FROM  NON-RESIDENTS (PRIVATE WITHHOLDING AGENT)_text-center\&amp;quot;))</message>
  <nestedLevel>1</nestedLevel>
</record>
<record>
  <date>2019-10-04T13:49:10</date>
  <millis>1570168150502</millis>
  <sequence>214</sequence>
  <level>START</level>
  <class>com.kms.katalon.core.logging.XmlKeywordLogger</class>
  <method>startKeyword</method>
  <thread>1</thread>
  <message>Start action : setText(findTestObject(\&amp;quot;Object Repository/BIR_FORM_1600/Page_eTax  BIR Form No 1600/input_VAT WITHHOLDING FROM  NON-RESIDENTS (PRIVATE WITHHOLDING AGENT)_frm1600txtTaxBase\&amp;quot;), \&amp;quot;3000000\&amp;quot;)</message>
  <nestedLevel>1</nestedLevel>
  <property name="startLine">51</property>
  <property name="stepIndex">18</property>
</record>
<record>
  <date>2019-10-04T13:49:10</date>
  <millis>1570168150884</millis>
  <sequence>223</sequence>
  <level>PASSED</level>
  <class>com.kms.katalon.core.logging.XmlKeywordLogger</class>
  <method>logMessage</method>
  <thread>1</thread>
  <message>Text &amp;apos;3000000&amp;apos; is set on object &amp;apos;Object Repository/BIR_FORM_1600/Page_eTax  BIR Form No 1600/input_VAT WITHHOLDING FROM  NON-RESIDENTS (PRIVATE WITHHOLDING AGENT)_frm1600txtTaxBase&amp;apos;</message>
  <nestedLevel>1</nestedLevel>
</record>
<record>
  <date>2019-10-04T13:49:10</date>
  <millis>1570168150885</millis>
  <sequence>224</sequence>
  <level>END</level>
  <class>com.kms.katalon.core.logging.XmlKeywordLogger</class>
  <method>endKeyword</method>
  <thread>1</thread>
  <message>End action : setText(findTestObject(\&amp;quot;Object Repository/BIR_FORM_1600/Page_eTax  BIR Form No 1600/input_VAT WITHHOLDING FROM  NON-RESIDENTS (PRIVATE WITHHOLDING AGENT)_frm1600txtTaxBase\&amp;quot;), \&amp;quot;3000000\&amp;quot;)</message>
  <nestedLevel>1</nestedLevel>
</record>
<record>
  <date>2019-10-04T13:49:10</date>
  <millis>1570168150885</millis>
  <sequence>225</sequence>
  <level>START</level>
  <class>com.kms.katalon.core.logging.XmlKeywordLogger</class>
  <method>startKeyword</method>
  <thread>1</thread>
  <message>Start action : click(findTestObject(\&amp;quot;Object Repository/BIR_FORM_1600/Page_eTax  BIR Form No 1600/input_Machine ValidationRevenue Official Receipt Details (If not filed with an Authorized Agent Bank)_frm0600cmdValidate\&amp;quot;))</message>
  <nestedLevel>1</nestedLevel>
  <property name="startLine">54</property>
  <property name="stepIndex">19</property>
</record>
<record>
  <date>2019-10-04T13:49:10</date>
  <millis>1570168150999</millis>
  <sequence>232</sequence>
  <level>PASSED</level>
  <class>com.kms.katalon.core.logging.XmlKeywordLogger</class>
  <method>logMessage</method>
  <thread>1</thread>
  <message>Object: &amp;apos;Object Repository/BIR_FORM_1600/Page_eTax  BIR Form No 1600/input_Machine ValidationRevenue Official Receipt Details (If not filed with an Authorized Agent Bank)_frm0600cmdValidate&amp;apos; is clicked on</message>
  <nestedLevel>1</nestedLevel>
</record>
<record>
  <date>2019-10-04T13:49:11</date>
  <millis>1570168151000</millis>
  <sequence>233</sequence>
  <level>END</level>
  <class>com.kms.katalon.core.logging.XmlKeywordLogger</class>
  <method>endKeyword</method>
  <thread>1</thread>
  <message>End action : click(findTestObject(\&amp;quot;Object Repository/BIR_FORM_1600/Page_eTax  BIR Form No 1600/input_Machine ValidationRevenue Official Receipt Details (If not filed with an Authorized Agent Bank)_frm0600cmdValidate\&amp;quot;))</message>
  <nestedLevel>1</nestedLevel>
</record>
<record>
  <date>2019-10-04T13:49:11</date>
  <millis>1570168151000</millis>
  <sequence>234</sequence>
  <level>START</level>
  <class>com.kms.katalon.core.logging.XmlKeywordLogger</class>
  <method>startKeyword</method>
  <thread>1</thread>
  <message>Start action : acceptAlert()</message>
  <nestedLevel>1</nestedLevel>
  <property name="startLine">56</property>
  <property name="stepIndex">20</property>
</record>
<record>
  <date>2019-10-04T13:49:11</date>
  <millis>1570168151016</millis>
  <sequence>236</sequence>
  <level>PASSED</level>
  <class>com.kms.katalon.core.logging.XmlKeywordLogger</class>
  <method>logMessage</method>
  <thread>1</thread>
  <message>Alert accepted</message>
  <nestedLevel>1</nestedLevel>
</record>
<record>
  <date>2019-10-04T13:49:11</date>
  <millis>1570168151017</millis>
  <sequence>237</sequence>
  <level>END</level>
  <class>com.kms.katalon.core.logging.XmlKeywordLogger</class>
  <method>endKeyword</method>
  <thread>1</thread>
  <message>End action : acceptAlert()</message>
  <nestedLevel>1</nestedLevel>
</record>
<record>
  <date>2019-10-04T13:49:11</date>
  <millis>1570168151017</millis>
  <sequence>238</sequence>
  <level>START</level>
  <class>com.kms.katalon.core.logging.XmlKeywordLogger</class>
  <method>startKeyword</method>
  <thread>1</thread>
  <message>Start action : click(findTestObject(\&amp;quot;BIR_FORM_1600/Page_eTax  BIR Form No 1600/input_Machine ValidationRevenue Official Receipt Details (If not filed with an Authorized Agent Bank)_btnSave\&amp;quot;))</message>
  <nestedLevel>1</nestedLevel>
  <property name="startLine">58</property>
  <property name="stepIndex">21</property>
</record>
<record>
  <date>2019-10-04T13:49:11</date>
  <millis>1570168151180</millis>
  <sequence>245</sequence>
  <level>PASSED</level>
  <class>com.kms.katalon.core.logging.XmlKeywordLogger</class>
  <method>logMessage</method>
  <thread>1</thread>
  <message>Object: &amp;apos;Object Repository/BIR_FORM_1600/Page_eTax  BIR Form No 1600/input_Machine ValidationRevenue Official Receipt Details (If not filed with an Authorized Agent Bank)_btnSave&amp;apos; is clicked on</message>
  <nestedLevel>1</nestedLevel>
</record>
<record>
  <date>2019-10-04T13:49:11</date>
  <millis>1570168151181</millis>
  <sequence>246</sequence>
  <level>END</level>
  <class>com.kms.katalon.core.logging.XmlKeywordLogger</class>
  <method>endKeyword</method>
  <thread>1</thread>
  <message>End action : click(findTestObject(\&amp;quot;BIR_FORM_1600/Page_eTax  BIR Form No 1600/input_Machine ValidationRevenue Official Receipt Details (If not filed with an Authorized Agent Bank)_btnSave\&amp;quot;))</message>
  <nestedLevel>1</nestedLevel>
</record>
<record>
  <date>2019-10-04T13:49:11</date>
  <millis>1570168151181</millis>
  <sequence>247</sequence>
  <level>START</level>
  <class>com.kms.katalon.core.logging.XmlKeywordLogger</class>
  <method>startKeyword</method>
  <thread>1</thread>
  <message>Start action : delay(2)</message>
  <nestedLevel>1</nestedLevel>
  <property name="startLine">60</property>
  <property name="stepIndex">22</property>
</record>
<record>
  <date>2019-10-04T13:49:13</date>
  <millis>1570168153184</millis>
  <sequence>249</sequence>
  <level>PASSED</level>
  <class>com.kms.katalon.core.logging.XmlKeywordLogger</class>
  <method>logMessage</method>
  <thread>1</thread>
  <message>Delayed 2 second(s)</message>
  <nestedLevel>1</nestedLevel>
</record>
<record>
  <date>2019-10-04T13:49:13</date>
  <millis>1570168153186</millis>
  <sequence>250</sequence>
  <level>END</level>
  <class>com.kms.katalon.core.logging.XmlKeywordLogger</class>
  <method>endKeyword</method>
  <thread>1</thread>
  <message>End action : delay(2)</message>
  <nestedLevel>1</nestedLevel>
</record>
<record>
  <date>2019-10-04T13:49:13</date>
  <millis>1570168153186</millis>
  <sequence>251</sequence>
  <level>START</level>
  <class>com.kms.katalon.core.logging.XmlKeywordLogger</class>
  <method>startKeyword</method>
  <thread>1</thread>
  <message>Start action : click(findTestObject(\&amp;quot;BIR_FORM_1600/Page_eTax  BIR Form No 1600/button_Okay\&amp;quot;))</message>
  <nestedLevel>1</nestedLevel>
  <property name="startLine">62</property>
  <property name="stepIndex">23</property>
</record>
<record>
  <date>2019-10-04T13:49:13</date>
  <millis>1570168153344</millis>
  <sequence>258</sequence>
  <level>PASSED</level>
  <class>com.kms.katalon.core.logging.XmlKeywordLogger</class>
  <method>logMessage</method>
  <thread>1</thread>
  <message>Object: &amp;apos;Object Repository/BIR_FORM_1600/Page_eTax  BIR Form No 1600/button_Okay&amp;apos; is clicked on</message>
  <nestedLevel>1</nestedLevel>
</record>
<record>
  <date>2019-10-04T13:49:13</date>
  <millis>1570168153344</millis>
  <sequence>259</sequence>
  <level>END</level>
  <class>com.kms.katalon.core.logging.XmlKeywordLogger</class>
  <method>endKeyword</method>
  <thread>1</thread>
  <message>End action : click(findTestObject(\&amp;quot;BIR_FORM_1600/Page_eTax  BIR Form No 1600/button_Okay\&amp;quot;))</message>
  <nestedLevel>1</nestedLevel>
</record>
<record>
  <date>2019-10-04T13:49:13</date>
  <millis>1570168153345</millis>
  <sequence>260</sequence>
  <level>START</level>
  <class>com.kms.katalon.core.logging.XmlKeywordLogger</class>
  <method>startKeyword</method>
  <thread>1</thread>
  <message>Start action : delay(2)</message>
  <nestedLevel>1</nestedLevel>
  <property name="startLine">64</property>
  <property name="stepIndex">24</property>
</record>
<record>
  <date>2019-10-04T13:49:15</date>
  <millis>1570168155348</millis>
  <sequence>262</sequence>
  <level>PASSED</level>
  <class>com.kms.katalon.core.logging.XmlKeywordLogger</class>
  <method>logMessage</method>
  <thread>1</thread>
  <message>Delayed 2 second(s)</message>
  <nestedLevel>1</nestedLevel>
</record>
<record>
  <date>2019-10-04T13:49:15</date>
  <millis>1570168155350</millis>
  <sequence>263</sequence>
  <level>END</level>
  <class>com.kms.katalon.core.logging.XmlKeywordLogger</class>
  <method>endKeyword</method>
  <thread>1</thread>
  <message>End action : delay(2)</message>
  <nestedLevel>1</nestedLevel>
</record>
<record>
  <date>2019-10-04T13:49:15</date>
  <millis>1570168155351</millis>
  <sequence>264</sequence>
  <level>START</level>
  <class>com.kms.katalon.core.logging.XmlKeywordLogger</class>
  <method>startKeyword</method>
  <thread>1</thread>
  <message>Start action : click(findTestObject(\&amp;quot;BIR_FORM_06019F/Page_eTax  BIR Form No 0619E/img\&amp;quot;))</message>
  <nestedLevel>1</nestedLevel>
  <property name="startLine">66</property>
  <property name="stepIndex">25</property>
</record>
<record>
  <date>2019-10-04T13:49:15</date>
  <millis>1570168155825</millis>
  <sequence>271</sequence>
  <level>PASSED</level>
  <class>com.kms.katalon.core.logging.XmlKeywordLogger</class>
  <method>logMessage</method>
  <thread>1</thread>
  <message>Object: &amp;apos;Object Repository/BIR_FORM_06019F/Page_eTax  BIR Form No 0619E/img&amp;apos; is clicked on</message>
  <nestedLevel>1</nestedLevel>
</record>
<record>
  <date>2019-10-04T13:49:15</date>
  <millis>1570168155825</millis>
  <sequence>272</sequence>
  <level>END</level>
  <class>com.kms.katalon.core.logging.XmlKeywordLogger</class>
  <method>endKeyword</method>
  <thread>1</thread>
  <message>End action : click(findTestObject(\&amp;quot;BIR_FORM_06019F/Page_eTax  BIR Form No 0619E/img\&amp;quot;))</message>
  <nestedLevel>1</nestedLevel>
</record>
<record>
  <date>2019-10-04T13:49:15</date>
  <millis>1570168155825</millis>
  <sequence>273</sequence>
  <level>PASSED</level>
  <class>com.kms.katalon.core.logging.XmlKeywordLogger</class>
  <method>logMessage</method>
  <thread>1</thread>
  <message>Test Cases/BIR_FORM_1600</message>
  <nestedLevel>1</nestedLevel>
</record>
<record>
  <date>2019-10-04T13:49:15</date>
  <millis>1570168155826</millis>
  <sequence>274</sequence>
  <level>END</level>
  <class>com.kms.katalon.core.logging.XmlKeywordLogger</class>
  <method>endTest</method>
  <thread>1</thread>
  <message>End Test Case : Test Cases/BIR_FORM_1600</message>
  <nestedLevel>0</nestedLevel>
</record>
<record>
  <date>2019-10-04T13:49:16</date>
  <millis>1570168156622</millis>
  <sequence>275</sequence>
  <level>END</level>
  <class>com.kms.katalon.core.logging.XmlKeywordLogger</class>
  <method>endSuite</method>
  <thread>1</thread>
  <message>End Test Suite : Test Suites/Etax</message>
  <nestedLevel>0</nestedLevel>
</record>
</log>
